Apr-10 02:34:45.386 [main] DEBUG nextflow.cli.Launcher - $> nextflow run main.nf
Apr-10 02:34:45.543 [main] DEBUG nextflow.cli.CmdRun - N E X T F L O W  ~  version 25.10.2
Apr-10 02:34:45.617 [main] DEBUG nextflow.plugin.PluginsFacade - Setting up plugin manager > mode=prod; embedded=false; plugins-dir=/workspaces/.nextflow/plugins; core-plugins: nf-amazon@3.4.2,nf-azure@1.20.2,nf-cloudcache@0.5.0,nf-codecommit@0.5.0,nf-console@1.3.0,nf-google@1.23.3,nf-k8s@1.2.2,nf-tower@1.17.3,nf-wave@1.16.1
Apr-10 02:34:45.671 [main] INFO  o.pf4j.DefaultPluginStatusProvider - Enabled plugins: []
Apr-10 02:34:45.674 [main] INFO  o.pf4j.DefaultPluginStatusProvider - Disabled plugins: []
Apr-10 02:34:45.683 [main] INFO  org.pf4j.DefaultPluginManager - PF4J version 3.12.0 in 'deployment' mode
Apr-10 02:34:45.736 [main] DEBUG nextflow.util.RetryConfig - Missing nextflow session - using default retry config
Apr-10 02:34:46.131 [main] INFO  org.pf4j.AbstractPluginManager - No plugins
Apr-10 02:34:46.194 [main] DEBUG nextflow.config.ConfigBuilder - Found config local: /root/my-spatial-project/nextflow.config
Apr-10 02:34:46.199 [main] DEBUG nextflow.config.ConfigBuilder - Parsing config file: /root/my-spatial-project/nextflow.config
Apr-10 02:34:46.204 [main] DEBUG nextflow.config.ConfigParserFactory - Using config parser v2
Apr-10 02:34:46.230 [main] DEBUG nextflow.config.ConfigBuilder - Applying config profile: `standard`
Apr-10 02:34:47.188 [main] DEBUG nextflow.plugin.PluginsFacade - Plugins default=[]
Apr-10 02:34:47.189 [main] DEBUG nextflow.plugin.PluginsFacade - Plugins resolved requirement=[]
Apr-10 02:34:47.242 [main] DEBUG n.secret.LocalSecretsProvider - Secrets store: /workspaces/.nextflow/secrets/store.json
Apr-10 02:34:47.249 [main] DEBUG nextflow.secret.SecretsLoader - Discovered secrets providers: [nextflow.secret.LocalSecretsProvider@1fb2d5e] - activable => nextflow.secret.LocalSecretsProvider@1fb2d5e
Apr-10 02:34:47.303 [main] DEBUG nextflow.cli.CmdRun - Applied DSL=2 by global default
Apr-10 02:34:47.340 [main] DEBUG nextflow.cli.CmdRun - Launching `main.nf` [clever_volta] DSL2 - revision: 5f59d0f721
Apr-10 02:34:47.399 [main] DEBUG nextflow.config.ConfigValidator - validate config block [params]
Apr-10 02:34:47.399 [main] DEBUG nextflow.config.ConfigValidator -   is map option false
Apr-10 02:34:47.400 [main] DEBUG nextflow.config.ConfigValidator - validate config block [process]
Apr-10 02:34:47.400 [main] DEBUG nextflow.config.ConfigValidator -   is map option false
Apr-10 02:34:47.400 [main] DEBUG nextflow.config.ConfigValidator - validate config option [process, executor]
Apr-10 02:34:47.400 [main] DEBUG nextflow.config.ConfigValidator - validate config block [env]
Apr-10 02:34:47.400 [main] DEBUG nextflow.config.ConfigValidator -   is map option false
Apr-10 02:34:47.400 [main] DEBUG nextflow.config.ConfigValidator - validate config block [session]
Apr-10 02:34:47.401 [main] DEBUG nextflow.config.ConfigValidator -   is map option false
Apr-10 02:34:47.401 [main] DEBUG nextflow.config.ConfigValidator - validate config block [executor]
Apr-10 02:34:47.401 [main] DEBUG nextflow.config.ConfigValidator -   is map option false
Apr-10 02:34:47.401 [main] DEBUG nextflow.config.ConfigValidator - validate config option [runName]
Apr-10 02:34:47.401 [main] DEBUG nextflow.config.ConfigValidator - validate config option [workDir]
Apr-10 02:34:47.538 [main] DEBUG nextflow.Session - Session UUID: 6a6ecd39-52d0-4ae8-bb59-38d17341d375
Apr-10 02:34:47.539 [main] DEBUG nextflow.Session - Run name: clever_volta
Apr-10 02:34:47.539 [main] DEBUG nextflow.Session - Executor pool size: 2
Apr-10 02:34:47.562 [main] DEBUG nextflow.file.FilePorter - File porter settings maxRetries=3; maxTransfers=50; pollTimeout=null
Apr-10 02:34:47.582 [main] DEBUG nextflow.util.ThreadPoolBuilder - Creating thread pool 'FileTransfer' minSize=10; maxSize=10; workQueue=LinkedBlockingQueue[-1]; allowCoreThreadTimeout=false
Apr-10 02:34:47.655 [main] DEBUG nextflow.cli.CmdRun - 
  Version: 25.10.2 build 10555
  Created: 28-11-2025 19:24 UTC (19:24 GMT)
  System: Linux 6.8.0-1044-azure
  Runtime: Groovy 4.0.28 on OpenJDK 64-Bit Server VM 21.0.6+7-LTS
  Encoding: UTF-8 (UTF-8)
  Process: 28943@codespaces-ba7abd [127.0.0.1]
  CPUs: 2 - Mem: 7.8 GB (180.8 MB) - Swap: 0 (0)
Apr-10 02:34:47.692 [main] DEBUG nextflow.Session - Work-dir: /root/my-spatial-project/work [overlayfs]
Apr-10 02:34:47.723 [main] DEBUG nextflow.executor.ExecutorFactory - Extension executors providers=[]
Apr-10 02:34:47.744 [main] DEBUG nextflow.Session - Observer factory (v2): LinObserverFactory
Apr-10 02:34:47.747 [main] DEBUG nextflow.Session - Observer factory (v2): DefaultObserverFactory
Apr-10 02:34:47.793 [main] DEBUG nextflow.cache.CacheFactory - Using Nextflow cache factory: nextflow.cache.DefaultCacheFactory
Apr-10 02:34:47.828 [main] DEBUG nextflow.util.CustomThreadPool - Creating default thread pool > poolSize: 3; maxThreads: 1000
Apr-10 02:34:48.008 [main] DEBUG nextflow.Session - Session start
Apr-10 02:34:48.025 [main] DEBUG nextflow.script.ScriptLoaderFactory - Using script parser v2
Apr-10 02:34:48.281 [main] DEBUG nextflow.script.ScriptRunner - > Launching execution
Apr-10 02:34:48.407 [main] DEBUG nextflow.Session - Workflow process names [dsl2]: 
Apr-10 02:34:48.412 [main] DEBUG nextflow.Session - Igniting dataflow network (1)
Apr-10 02:34:48.421 [main] DEBUG nextflow.script.ScriptRunner - Parsed script files:
  Main: /root/my-spatial-project/main.nf
Apr-10 02:34:48.422 [main] DEBUG nextflow.script.ScriptRunner - > Awaiting termination 
Apr-10 02:34:48.422 [main] DEBUG nextflow.Session - Session await
Apr-10 02:34:48.422 [main] DEBUG nextflow.Session - Session await > all processes finished
Apr-10 02:34:48.422 [main] DEBUG nextflow.Session - Session await > all barriers passed
Apr-10 02:34:48.426 [PathVisitor-1] DEBUG nextflow.file.PathVisitor - files for syntax: glob; folder: data/; pattern: *.txt; options: [:]
Apr-10 02:34:48.462 [main] DEBUG n.trace.WorkflowStatsObserver - Workflow completed > WorkflowStats[succeededCount=0; failedCount=0; ignoredCount=0; cachedCount=0; pendingCount=0; submittedCount=0; runningCount=0; retriesCount=0; abortedCount=0; succeedDuration=0ms; failedDuration=0ms; cachedDuration=0ms;loadCpus=0; loadMemory=0; peakRunning=0; peakCpus=0; peakMemory=0; ]
Apr-10 02:34:48.639 [main] DEBUG nextflow.cache.CacheDB - Closing CacheDB done
Apr-10 02:34:48.677 [main] DEBUG nextflow.util.ThreadPoolManager - Thread pool 'FileTransfer' shutdown completed (hard=false)
Apr-10 02:34:48.678 [main] DEBUG nextflow.script.ScriptRunner - > Execution complete -- Goodbye
